2024-03-09 10:56:08,888   INFO  Loading Custom dataset.
2024-03-09 10:56:08,889   INFO  Total samples for CUSTOM dataset: 0
2024-03-09 10:56:19,010   INFO  Loading Custom dataset.
2024-03-09 10:56:19,010   INFO  Loading Custom dataset.
2024-03-09 10:56:19,012   INFO  Total samples for CUSTOM dataset: 0
2024-03-09 10:56:19,012   INFO  Total samples for CUSTOM dataset: 0
2024-03-09 10:56:22,207   INFO  ==> Loading parameters from checkpoint ./pillar/model.pth to GPU
2024-03-09 10:56:22,207   INFO  ==> Loading parameters from checkpoint ./pillar/model.pth to GPU
2024-03-09 10:56:22,322   INFO  ==> Checkpoint trained from version: pcdet+0.6.0+255db8f
2024-03-09 10:56:22,322   INFO  ==> Checkpoint trained from version: pcdet+0.6.0+255db8f
2024-03-09 10:56:22,360   INFO  ==> Done (loaded 391/391)
2024-03-09 10:56:22,360   INFO  ==> Done (loaded 391/391)
2024-04-11 05:11:58,716   INFO  Loading Custom dataset.
2024-04-11 05:11:58,717   INFO  Total samples for CUSTOM dataset: 0
2024-04-11 05:12:00,903   INFO  ==> Loading parameters from checkpoint ./pillar/model.pth to GPU
2024-04-11 05:12:01,026   INFO  ==> Checkpoint trained from version: pcdet+0.6.0+255db8f
2024-04-11 05:12:01,062   INFO  ==> Done (loaded 391/391)
2024-04-11 05:13:30,808   INFO  Loading Custom dataset.
2024-04-11 05:13:30,809   INFO  Total samples for CUSTOM dataset: 0
2024-04-11 05:13:32,968   INFO  ==> Loading parameters from checkpoint ./pillar/model.pth to GPU
2024-04-11 05:13:33,088   INFO  ==> Checkpoint trained from version: pcdet+0.6.0+255db8f
2024-04-11 05:13:33,123   INFO  ==> Done (loaded 391/391)
2024-04-16 11:16:57,717   INFO  Loading Custom dataset.
2024-04-16 11:16:57,718   INFO  Total samples for CUSTOM dataset: 0
2024-04-16 11:17:00,536   INFO  ==> Loading parameters from checkpoint ./pillar/model.pth to GPU
2024-04-16 11:17:00,668   INFO  ==> Checkpoint trained from version: pcdet+0.6.0+255db8f
2024-04-16 11:17:00,695   INFO  ==> Done (loaded 391/391)
2024-04-16 11:18:04,505   INFO  Loading Custom dataset.
2024-04-16 11:18:04,506   INFO  Total samples for CUSTOM dataset: 0
2024-04-16 11:18:06,876   INFO  ==> Loading parameters from checkpoint ./pillar/model.pth to GPU
2024-04-16 11:18:07,009   INFO  ==> Checkpoint trained from version: pcdet+0.6.0+255db8f
2024-04-16 11:18:07,035   INFO  ==> Done (loaded 391/391)
2024-04-16 11:20:54,192   INFO  Loading Custom dataset.
2024-04-16 11:20:54,194   INFO  Total samples for CUSTOM dataset: 0
2024-04-16 11:20:56,665   INFO  ==> Loading parameters from checkpoint ./pillar/model.pth to GPU
2024-04-16 11:20:56,806   INFO  ==> Checkpoint trained from version: pcdet+0.6.0+255db8f
2024-04-16 11:20:56,836   INFO  ==> Done (loaded 391/391)
2024-04-16 11:22:49,485   INFO  Loading Custom dataset.
2024-04-16 11:22:49,486   INFO  Total samples for CUSTOM dataset: 0
2024-04-16 11:22:51,868   INFO  ==> Loading parameters from checkpoint ./pillar/model.pth to GPU
2024-04-16 11:22:52,001   INFO  ==> Checkpoint trained from version: pcdet+0.6.0+255db8f
2024-04-16 11:22:52,029   INFO  ==> Done (loaded 391/391)
2024-04-16 11:28:17,342   INFO  Loading Custom dataset.
2024-04-16 11:28:17,343   INFO  Total samples for CUSTOM dataset: 0
2024-04-16 11:28:19,827   INFO  ==> Loading parameters from checkpoint ./pillar/model.pth to GPU
2024-04-16 11:28:20,800   INFO  ==> Checkpoint trained from version: pcdet+0.6.0+255db8f
2024-04-16 11:28:20,827   INFO  ==> Done (loaded 391/391)
