2024-04-16 06:30:21,479   INFO  Loading Custom dataset.
2024-04-16 06:30:21,481   INFO  Total samples for CUSTOM dataset: 0
2024-04-16 06:30:24,240   INFO  ==> Loading parameters from checkpoint ./pillar/model.pth to GPU
2024-04-16 06:30:24,359   INFO  ==> Checkpoint trained from version: pcdet+0.6.0+255db8f
2024-04-16 06:30:24,388   INFO  ==> Done (loaded 391/391)
2024-04-16 06:33:48,624   INFO  Loading Custom dataset.
2024-04-16 06:33:48,625   INFO  Total samples for CUSTOM dataset: 0
2024-04-16 06:33:51,352   INFO  ==> Loading parameters from checkpoint ./pillar/model.pth to GPU
2024-04-16 06:33:51,473   INFO  ==> Checkpoint trained from version: pcdet+0.6.0+255db8f
2024-04-16 06:33:51,512   INFO  ==> Done (loaded 391/391)
2024-04-16 07:37:52,844   INFO  Loading Custom dataset.
2024-04-16 07:37:52,846   INFO  Total samples for CUSTOM dataset: 0
2024-04-16 07:37:55,257   INFO  ==> Loading parameters from checkpoint ./pillar/model.pth to GPU
2024-04-16 07:37:55,389   INFO  ==> Checkpoint trained from version: pcdet+0.6.0+255db8f
2024-04-16 07:37:55,416   INFO  ==> Done (loaded 391/391)
2024-04-16 08:48:30,646   INFO  Loading Custom dataset.
2024-04-16 08:48:30,647   INFO  Total samples for CUSTOM dataset: 0
2024-04-16 08:48:33,047   INFO  ==> Loading parameters from checkpoint ./pillar/model.pth to GPU
2024-04-16 08:48:33,179   INFO  ==> Checkpoint trained from version: pcdet+0.6.0+255db8f
2024-04-16 08:48:33,205   INFO  ==> Done (loaded 391/391)
2024-04-16 08:49:31,357   INFO  Loading Custom dataset.
2024-04-16 08:49:31,359   INFO  Total samples for CUSTOM dataset: 0
2024-04-16 08:49:33,813   INFO  ==> Loading parameters from checkpoint ./pillar/model.pth to GPU
2024-04-16 08:49:33,945   INFO  ==> Checkpoint trained from version: pcdet+0.6.0+255db8f
2024-04-16 08:49:33,970   INFO  ==> Done (loaded 391/391)
2024-04-16 08:51:16,782   INFO  Loading Custom dataset.
2024-04-16 08:51:16,784   INFO  Total samples for CUSTOM dataset: 0
2024-04-16 08:51:20,024   INFO  ==> Loading parameters from checkpoint ./pillar/model.pth to GPU
2024-04-16 08:51:20,213   INFO  ==> Checkpoint trained from version: pcdet+0.6.0+255db8f
2024-04-16 08:51:20,256   INFO  ==> Done (loaded 391/391)
2024-04-16 09:02:17,204   INFO  Loading Custom dataset.
2024-04-16 09:02:17,206   INFO  Total samples for CUSTOM dataset: 0
2024-04-16 09:02:19,355   INFO  ==> Loading parameters from checkpoint ./pillar/model.pth to GPU
2024-04-16 09:02:19,487   INFO  ==> Checkpoint trained from version: pcdet+0.6.0+255db8f
2024-04-16 09:02:19,514   INFO  ==> Done (loaded 391/391)
2024-04-16 09:03:13,255   INFO  Loading Custom dataset.
2024-04-16 09:03:13,256   INFO  Total samples for CUSTOM dataset: 0
2024-04-16 09:03:15,620   INFO  ==> Loading parameters from checkpoint ./pillar/model.pth to GPU
2024-04-16 09:03:15,750   INFO  ==> Checkpoint trained from version: pcdet+0.6.0+255db8f
2024-04-16 09:03:15,779   INFO  ==> Done (loaded 391/391)
2024-04-16 10:43:45,073   INFO  Loading Custom dataset.
2024-04-16 10:43:45,075   INFO  Total samples for CUSTOM dataset: 0
2024-04-16 10:43:47,283   INFO  ==> Loading parameters from checkpoint ./pillar/model.pth to GPU
2024-04-16 10:43:47,420   INFO  ==> Checkpoint trained from version: pcdet+0.6.0+255db8f
2024-04-16 10:43:47,458   INFO  ==> Done (loaded 391/391)
2024-04-16 10:45:40,187   INFO  Loading Custom dataset.
2024-04-16 10:45:40,188   INFO  Total samples for CUSTOM dataset: 0
2024-04-16 10:45:42,494   INFO  ==> Loading parameters from checkpoint ./pillar/model.pth to GPU
2024-04-16 10:45:42,634   INFO  ==> Checkpoint trained from version: pcdet+0.6.0+255db8f
2024-04-16 10:45:42,660   INFO  ==> Done (loaded 391/391)
2024-04-16 10:47:04,182   INFO  Loading Custom dataset.
2024-04-16 10:47:04,183   INFO  Total samples for CUSTOM dataset: 0
2024-04-16 10:47:06,579   INFO  ==> Loading parameters from checkpoint ./pillar/model.pth to GPU
2024-04-16 10:47:06,714   INFO  ==> Checkpoint trained from version: pcdet+0.6.0+255db8f
2024-04-16 10:47:06,740   INFO  ==> Done (loaded 391/391)
2024-04-16 10:48:18,805   INFO  Loading Custom dataset.
2024-04-16 10:48:18,807   INFO  Total samples for CUSTOM dataset: 0
2024-04-16 10:48:21,235   INFO  ==> Loading parameters from checkpoint ./pillar/model.pth to GPU
2024-04-16 10:48:21,368   INFO  ==> Checkpoint trained from version: pcdet+0.6.0+255db8f
2024-04-16 10:48:21,396   INFO  ==> Done (loaded 391/391)
2024-04-16 10:49:23,930   INFO  Loading Custom dataset.
2024-04-16 10:49:23,932   INFO  Total samples for CUSTOM dataset: 0
2024-04-16 10:49:26,139   INFO  ==> Loading parameters from checkpoint ./pillar/model.pth to GPU
2024-04-16 10:49:26,268   INFO  ==> Checkpoint trained from version: pcdet+0.6.0+255db8f
2024-04-16 10:49:26,295   INFO  ==> Done (loaded 391/391)
2024-04-16 10:51:23,894   INFO  Loading Custom dataset.
2024-04-16 10:51:23,895   INFO  Total samples for CUSTOM dataset: 0
2024-04-16 10:51:26,273   INFO  ==> Loading parameters from checkpoint ./pillar/model.pth to GPU
2024-04-16 10:51:26,405   INFO  ==> Checkpoint trained from version: pcdet+0.6.0+255db8f
2024-04-16 10:51:26,432   INFO  ==> Done (loaded 391/391)
2024-04-16 10:52:07,917   INFO  Loading Custom dataset.
2024-04-16 10:52:07,918   INFO  Total samples for CUSTOM dataset: 0
2024-04-16 10:52:10,252   INFO  ==> Loading parameters from checkpoint ./pillar/model.pth to GPU
2024-04-16 10:52:10,384   INFO  ==> Checkpoint trained from version: pcdet+0.6.0+255db8f
2024-04-16 10:52:10,411   INFO  ==> Done (loaded 391/391)
2024-04-16 10:54:24,283   INFO  Loading Custom dataset.
2024-04-16 10:54:24,283   INFO  Loading Custom dataset.
2024-04-16 10:54:24,286   INFO  Total samples for CUSTOM dataset: 0
2024-04-16 10:54:24,286   INFO  Total samples for CUSTOM dataset: 0
2024-04-16 10:54:24,586   INFO  ==> Loading parameters from checkpoint ./pillar/model.pth to GPU
2024-04-16 10:54:24,586   INFO  ==> Loading parameters from checkpoint ./pillar/model.pth to GPU
2024-04-16 10:54:24,723   INFO  ==> Checkpoint trained from version: pcdet+0.6.0+255db8f
2024-04-16 10:54:24,723   INFO  ==> Checkpoint trained from version: pcdet+0.6.0+255db8f
2024-04-16 10:54:24,749   INFO  ==> Done (loaded 391/391)
2024-04-16 10:54:24,749   INFO  ==> Done (loaded 391/391)
2024-04-16 10:55:49,745   INFO  Loading Custom dataset.
2024-04-16 10:55:49,747   INFO  Total samples for CUSTOM dataset: 0
2024-04-16 10:55:52,056   INFO  ==> Loading parameters from checkpoint ./pillar/model.pth to GPU
2024-04-16 10:55:52,186   INFO  ==> Checkpoint trained from version: pcdet+0.6.0+255db8f
2024-04-16 10:55:52,213   INFO  ==> Done (loaded 391/391)
2024-04-16 10:56:58,029   INFO  Loading Custom dataset.
2024-04-16 10:56:58,030   INFO  Total samples for CUSTOM dataset: 0
2024-04-16 10:57:00,378   INFO  ==> Loading parameters from checkpoint ./pillar/model.pth to GPU
2024-04-16 10:57:00,512   INFO  ==> Checkpoint trained from version: pcdet+0.6.0+255db8f
2024-04-16 10:57:00,543   INFO  ==> Done (loaded 391/391)
2024-04-16 11:06:05,206   INFO  Loading Custom dataset.
2024-04-16 11:06:05,207   INFO  Total samples for CUSTOM dataset: 0
2024-04-16 11:06:07,480   INFO  ==> Loading parameters from checkpoint ./pillar/model.pth to GPU
2024-04-16 11:06:07,613   INFO  ==> Checkpoint trained from version: pcdet+0.6.0+255db8f
2024-04-16 11:06:07,638   INFO  ==> Done (loaded 391/391)
2024-04-16 13:27:14,064   INFO  Loading Custom dataset.
2024-04-16 13:27:14,066   INFO  Total samples for CUSTOM dataset: 0
2024-04-16 13:27:16,504   INFO  ==> Loading parameters from checkpoint ./pillar/model.pth to GPU
2024-04-16 13:27:16,692   INFO  ==> Checkpoint trained from version: pcdet+0.6.0+255db8f
2024-04-16 13:27:16,759   INFO  ==> Done (loaded 391/391)
2024-04-16 13:29:26,301   INFO  Loading Custom dataset.
2024-04-16 13:29:26,303   INFO  Total samples for CUSTOM dataset: 0
2024-04-16 13:29:28,893   INFO  ==> Loading parameters from checkpoint ./pillar/model.pth to GPU
2024-04-16 13:29:29,068   INFO  ==> Checkpoint trained from version: pcdet+0.6.0+255db8f
2024-04-16 13:29:29,129   INFO  ==> Done (loaded 391/391)
2024-04-16 13:31:45,366   INFO  Loading Custom dataset.
2024-04-16 13:31:45,368   INFO  Total samples for CUSTOM dataset: 0
2024-04-16 13:31:48,362   INFO  ==> Loading parameters from checkpoint ./pillar/model.pth to GPU
2024-04-16 13:31:48,567   INFO  ==> Checkpoint trained from version: pcdet+0.6.0+255db8f
2024-04-16 13:31:48,788   INFO  ==> Done (loaded 391/391)
2024-04-16 13:33:14,802   INFO  Loading Custom dataset.
2024-04-16 13:33:14,803   INFO  Total samples for CUSTOM dataset: 0
2024-04-16 13:33:16,997   INFO  ==> Loading parameters from checkpoint ./pillar/model.pth to GPU
2024-04-16 13:33:17,122   INFO  ==> Checkpoint trained from version: pcdet+0.6.0+255db8f
2024-04-16 13:33:17,427   INFO  ==> Done (loaded 391/391)
2024-04-16 13:36:22,886   INFO  Loading Custom dataset.
2024-04-16 13:36:22,887   INFO  Total samples for CUSTOM dataset: 0
2024-04-16 13:36:25,489   INFO  ==> Loading parameters from checkpoint ./pillar/model.pth to GPU
2024-04-16 13:36:25,856   INFO  ==> Checkpoint trained from version: pcdet+0.6.0+255db8f
2024-04-16 13:36:26,195   INFO  ==> Done (loaded 391/391)
2024-04-19 01:29:06,208   INFO  Loading Custom dataset.
2024-04-19 01:29:06,210   INFO  Total samples for CUSTOM dataset: 0
2024-04-19 01:29:09,871   INFO  ==> Loading parameters from checkpoint ./pillar/model.pth to GPU
2024-04-19 01:29:11,083   INFO  ==> Checkpoint trained from version: pcdet+0.6.0+255db8f
2024-04-19 01:29:11,145   INFO  ==> Done (loaded 391/391)
2024-04-19 01:31:48,892   INFO  Loading Custom dataset.
2024-04-19 01:31:48,894   INFO  Total samples for CUSTOM dataset: 0
2024-04-19 01:31:51,705   INFO  ==> Loading parameters from checkpoint ./pillar/model.pth to GPU
2024-04-19 01:31:51,928   INFO  ==> Checkpoint trained from version: pcdet+0.6.0+255db8f
2024-04-19 01:31:51,964   INFO  ==> Done (loaded 391/391)
2024-04-19 01:39:19,981   INFO  Loading Custom dataset.
2024-04-19 01:39:19,983   INFO  Total samples for CUSTOM dataset: 0
2024-04-19 01:39:22,691   INFO  ==> Loading parameters from checkpoint ./pillar/model.pth to GPU
2024-04-19 01:39:22,908   INFO  ==> Checkpoint trained from version: pcdet+0.6.0+255db8f
2024-04-19 01:39:22,946   INFO  ==> Done (loaded 391/391)
2024-04-19 01:41:28,705   INFO  Loading Custom dataset.
2024-04-19 01:41:28,706   INFO  Total samples for CUSTOM dataset: 0
2024-04-19 01:41:31,432   INFO  ==> Loading parameters from checkpoint ./pillar/model.pth to GPU
2024-04-19 01:41:31,704   INFO  ==> Checkpoint trained from version: pcdet+0.6.0+255db8f
2024-04-19 01:41:31,805   INFO  ==> Done (loaded 391/391)
2024-04-19 01:42:59,976   INFO  Loading Custom dataset.
2024-04-19 01:42:59,977   INFO  Total samples for CUSTOM dataset: 0
2024-04-19 01:43:03,061   INFO  ==> Loading parameters from checkpoint ./pillar/model.pth to GPU
2024-04-19 01:43:03,359   INFO  ==> Checkpoint trained from version: pcdet+0.6.0+255db8f
2024-04-19 01:43:03,499   INFO  ==> Done (loaded 391/391)
2024-04-19 01:50:56,134   INFO  Loading Custom dataset.
2024-04-19 01:50:56,135   INFO  Total samples for CUSTOM dataset: 0
2024-04-19 01:50:58,726   INFO  ==> Loading parameters from checkpoint ./pillar/model.pth to GPU
2024-04-19 01:50:58,867   INFO  ==> Checkpoint trained from version: pcdet+0.6.0+255db8f
2024-04-19 01:50:59,116   INFO  ==> Done (loaded 391/391)
2024-04-19 01:52:35,061   INFO  Loading Custom dataset.
2024-04-19 01:52:35,063   INFO  Total samples for CUSTOM dataset: 0
2024-04-19 01:52:37,319   INFO  ==> Loading parameters from checkpoint ./pillar/model.pth to GPU
2024-04-19 01:52:37,470   INFO  ==> Checkpoint trained from version: pcdet+0.6.0+255db8f
2024-04-19 01:52:37,514   INFO  ==> Done (loaded 391/391)
